00:00:01 **** Rebuild of configuration Debug for project stack_LIFO ****
Info: Internal Builder is used for build
gcc -O0 -g3 -Wall -c -fmessage-length=0 -o main.o "..\\main.c" 
..\main.c:10:6: warning: return type of 'main' is not 'int' [-Wmain]
 void main () {
      ^~~~
..\main.c: In function 'main':
..\main.c:12:1: error: expected ';' before '}' token
 }
 ^
00:00:07 **** Incremental Build of configuration Debug for project stack_LIFO ****
Info: Internal Builder is used for build
gcc -O0 -g3 -Wall -c -fmessage-length=0 -o main.o "..\\main.c" 
..\main.c:10:6: warning: return type of 'main' is not 'int' [-Wmain]
 void main () {
      ^~~~
gcc -o stack_LIFO.exe main.o 
Info: Nothing to build for stack_LIFO
Info: Nothing to build for stack_LIFO
Info: Nothing to build for stack_LIFO
Info: Nothing to build for stack_LIFO
Info: Nothing to build for stack_LIFO
18:51:50 **** Rebuild of configuration Debug for project stack_LIFO ****
Info: Internal Builder is used for build
gcc -O0 -g3 -Wall -c -fmessage-length=0 -o main.o "..\\main.c" 
..\main.c:10:6: warning: return type of 'main' is not 'int' [-Wmain]
 void main () {
      ^~~~
gcc -o stack_LIFO.exe main.o 
Info: Nothing to build for stack_LIFO
Info: Nothing to build for stack_LIFO
18:52:33 **** Incremental Build of configuration Debug for project stack_LIFO ****
Info: Internal Builder is used for build
gcc -O0 -g3 -Wall -c -fmessage-length=0 -o main.o "..\\main.c" 
gcc -o stack_LIFO.exe main.o 
18:53:45 **** Incremental Build of configuration Debug for project stack_LIFO ****
Info: Internal Builder is used for build
gcc -O0 -g3 -Wall -c -fmessage-length=0 -o main.o "..\\main.c" 
gcc -o stack_LIFO.exe main.o 
Info: Nothing to build for stack_LIFO
20:14:46 **** Incremental Build of configuration Debug for project stack_LIFO ****
Info: Internal Builder is used for build
gcc -O0 -g3 -Wall -c -fmessage-length=0 -o main.o "..\\main.c" 
gcc -O0 -g3 -Wall -c -fmessage-length=0 -o lifo.o "..\\lifo.c" 
gcc -o stack_LIFO.exe lifo.o main.o 
20:35:35 **** Incremental Build of configuration Debug for project stack_LIFO ****
Info: Internal Builder is used for build
gcc -O0 -g3 -Wall -c -fmessage-length=0 -o main.o "..\\main.c" 
..\main.c: In function 'main':
..\main.c:24:4: warning: implicit declaration of function 'prinf' [-Wimplicit-function-declaration]
    prinf("UART_LIFO add : %d \n",i);
    ^~~~~
..\main.c:28:31: warning: pointer targets in passing argument 2 of 'LIFO_pop_item' differ in signedness [-Wpointer-sign]
   if(LIFO_pop_item(&uart_lifo,&temp)==LIFO_no_error)
                               ^
In file included from ..\main.c:9:0:
..\lifo.h:30:13: note: expected 'unsigned int *' but argument is of type 'int *'
 LIFO_status LIFO_pop_item (LIFO_Buf_t* lifo_buf, unsigned int* item);
             ^~~~~~~~~~~~~
gcc -o stack_LIFO.exe lifo.o main.o 
main.o: In function `main':
D:\Documents\in deapth\Projects\unit4 (Data structures)\stack_LIFO\Debug/../main.c:24: undefined reference to `prinf'
D:\Documents\in deapth\Projects\unit4 (Data structures)\stack_LIFO\Debug/../main.c:29: undefined reference to `prinf'
collect2.exe: error: ld returned 1 exit status
20:36:06 **** Incremental Build of configuration Debug for project stack_LIFO ****
Info: Internal Builder is used for build
gcc -O0 -g3 -Wall -c -fmessage-length=0 -o main.o "..\\main.c" 
..\main.c: In function 'main':
..\main.c:28:31: warning: pointer targets in passing argument 2 of 'LIFO_pop_item' differ in signedness [-Wpointer-sign]
   if(LIFO_pop_item(&uart_lifo,&temp)==LIFO_no_error)
                               ^
In file included from ..\main.c:9:0:
..\lifo.h:30:13: note: expected 'unsigned int *' but argument is of type 'int *'
 LIFO_status LIFO_pop_item (LIFO_Buf_t* lifo_buf, unsigned int* item);
             ^~~~~~~~~~~~~
gcc -o stack_LIFO.exe lifo.o main.o 
20:37:58 **** Incremental Build of configuration Debug for project stack_LIFO ****
Info: Internal Builder is used for build
gcc -O0 -g3 -Wall -c -fmessage-length=0 -o lifo.o "..\\lifo.c" 
gcc -O0 -g3 -Wall -c -fmessage-length=0 -o main.o "..\\main.c" 
..\main.c: In function 'main':
..\main.c:28:31: warning: pointer targets in passing argument 2 of 'LIFO_pop_item' differ in signedness [-Wpointer-sign]
   if(LIFO_pop_item(&uart_lifo,&temp)==LIFO_no_error)
                               ^
In file included from ..\main.c:9:0:
..\lifo.h:30:13: note: expected 'unsigned int *' but argument is of type 'int *'
 LIFO_status LIFO_pop_item (LIFO_Buf_t* lifo_buf, unsigned int* item);
             ^~~~~~~~~~~~~
gcc -o stack_LIFO.exe lifo.o main.o 
20:39:52 **** Incremental Build of configuration Debug for project stack_LIFO ****
Info: Internal Builder is used for build
gcc -O0 -g3 -Wall -c -fmessage-length=0 -o main.o "..\\main.c" 
..\main.c: In function 'main':
..\main.c:28:31: warning: pointer targets in passing argument 2 of 'LIFO_pop_item' differ in signedness [-Wpointer-sign]
   if(LIFO_pop_item(&uart_lifo,&temp)==LIFO_no_error)
                               ^
In file included from ..\main.c:9:0:
..\lifo.h:30:13: note: expected 'unsigned int *' but argument is of type 'int *'
 LIFO_status LIFO_pop_item (LIFO_Buf_t* lifo_buf, unsigned int* item);
             ^~~~~~~~~~~~~
gcc -O0 -g3 -Wall -c -fmessage-length=0 -o lifo.o "..\\lifo.c" 
gcc -o stack_LIFO.exe lifo.o main.o 
Info: Nothing to build for stack_LIFO
20:42:29 **** Incremental Build of configuration Debug for project stack_LIFO ****
Info: Internal Builder is used for build
gcc -O0 -g3 -Wall -c -fmessage-length=0 -o lifo.o "..\\lifo.c" 
gcc -O0 -g3 -Wall -c -fmessage-length=0 -o main.o "..\\main.c" 
..\main.c: In function 'main':
..\main.c:28:31: warning: pointer targets in passing argument 2 of 'LIFO_pop_item' differ in signedness [-Wpointer-sign]
   if(LIFO_pop_item(&uart_lifo,&temp)==LIFO_no_error)
                               ^
In file included from ..\main.c:9:0:
..\lifo.h:30:13: note: expected 'unsigned int *' but argument is of type 'int *'
 LIFO_status LIFO_pop_item (LIFO_Buf_t* lifo_buf, unsigned int * item);
             ^~~~~~~~~~~~~
gcc -o stack_LIFO.exe lifo.o main.o 
c:/mingw/bin/../lib/gcc/mingw32/6.3.0/../../../../mingw32/bin/ld.exe: cannot open output file stack_LIFO.exe: Permission denied
collect2.exe: error: ld returned 1 exit status
20:43:02 **** Incremental Build of configuration Debug for project stack_LIFO ****
Info: Internal Builder is used for build
gcc -o stack_LIFO.exe lifo.o main.o 
c:/mingw/bin/../lib/gcc/mingw32/6.3.0/../../../../mingw32/bin/ld.exe: cannot open output file stack_LIFO.exe: Permission denied
collect2.exe: error: ld returned 1 exit status
20:43:07 **** Incremental Build of configuration Debug for project stack_LIFO ****
Info: Internal Builder is used for build
gcc -o stack_LIFO.exe lifo.o main.o 
c:/mingw/bin/../lib/gcc/mingw32/6.3.0/../../../../mingw32/bin/ld.exe: cannot open output file stack_LIFO.exe: Permission denied
collect2.exe: error: ld returned 1 exit status
20:43:20 **** Incremental Build of configuration Debug for project stack_LIFO ****
Info: Internal Builder is used for build
gcc -O0 -g3 -Wall -c -fmessage-length=0 -o lifo.o "..\\lifo.c" 
gcc -O0 -g3 -Wall -c -fmessage-length=0 -o main.o "..\\main.c" 
..\main.c: In function 'main':
..\main.c:28:31: warning: pointer targets in passing argument 2 of 'LIFO_pop_item' differ in signedness [-Wpointer-sign]
   if(LIFO_pop_item(&uart_lifo,&temp)==LIFO_no_error)
                               ^
In file included from ..\main.c:9:0:
..\lifo.h:30:13: note: expected 'unsigned int *' but argument is of type 'int *'
 LIFO_status LIFO_pop_item (LIFO_Buf_t* lifo_buf, unsigned int * item);
             ^~~~~~~~~~~~~
gcc -o stack_LIFO.exe lifo.o main.o 
c:/mingw/bin/../lib/gcc/mingw32/6.3.0/../../../../mingw32/bin/ld.exe: cannot open output file stack_LIFO.exe: Permission denied
collect2.exe: error: ld returned 1 exit status
20:43:28 **** Incremental Build of configuration Debug for project stack_LIFO ****
Info: Internal Builder is used for build
gcc -O0 -g3 -Wall -c -fmessage-length=0 -o lifo.o "..\\lifo.c" 
gcc -O0 -g3 -Wall -c -fmessage-length=0 -o main.o "..\\main.c" 
..\main.c: In function 'main':
..\main.c:28:31: warning: pointer targets in passing argument 2 of 'LIFO_pop_item' differ in signedness [-Wpointer-sign]
   if(LIFO_pop_item(&uart_lifo,&temp)==LIFO_no_error)
                               ^
In file included from ..\main.c:9:0:
..\lifo.h:30:13: note: expected 'unsigned int *' but argument is of type 'int *'
 LIFO_status LIFO_pop_item (LIFO_Buf_t* lifo_buf, unsigned int* item);
             ^~~~~~~~~~~~~
gcc -o stack_LIFO.exe lifo.o main.o 
c:/mingw/bin/../lib/gcc/mingw32/6.3.0/../../../../mingw32/bin/ld.exe: cannot open output file stack_LIFO.exe: Permission denied
collect2.exe: error: ld returned 1 exit status
20:43:44 **** Incremental Build of configuration Debug for project stack_LIFO ****
Info: Internal Builder is used for build
gcc -O0 -g3 -Wall -c -fmessage-length=0 -o lifo.o "..\\lifo.c" 
gcc -o stack_LIFO.exe lifo.o main.o 
c:/mingw/bin/../lib/gcc/mingw32/6.3.0/../../../../mingw32/bin/ld.exe: cannot open output file stack_LIFO.exe: Permission denied
collect2.exe: error: ld returned 1 exit status
20:43:57 **** Incremental Build of configuration Debug for project stack_LIFO ****
Info: Internal Builder is used for build
gcc -O0 -g3 -Wall -c -fmessage-length=0 -o lifo.o "..\\lifo.c" 
gcc -o stack_LIFO.exe lifo.o main.o 
c:/mingw/bin/../lib/gcc/mingw32/6.3.0/../../../../mingw32/bin/ld.exe: cannot open output file stack_LIFO.exe: Permission denied
collect2.exe: error: ld returned 1 exit status
20:44:00 **** Incremental Build of configuration Debug for project stack_LIFO ****
Info: Internal Builder is used for build
gcc -o stack_LIFO.exe lifo.o main.o 
c:/mingw/bin/../lib/gcc/mingw32/6.3.0/../../../../mingw32/bin/ld.exe: cannot open output file stack_LIFO.exe: Permission denied
collect2.exe: error: ld returned 1 exit status
20:44:10 **** Incremental Build of configuration Debug for project stack_LIFO ****
Info: Internal Builder is used for build
gcc -o stack_LIFO.exe lifo.o main.o 
c:/mingw/bin/../lib/gcc/mingw32/6.3.0/../../../../mingw32/bin/ld.exe: cannot open output file stack_LIFO.exe: Permission denied
collect2.exe: error: ld returned 1 exit status
20:44:14 **** Incremental Build of configuration Debug for project stack_LIFO ****
Info: Internal Builder is used for build
gcc -o stack_LIFO.exe lifo.o main.o 
c:/mingw/bin/../lib/gcc/mingw32/6.3.0/../../../../mingw32/bin/ld.exe: cannot open output file stack_LIFO.exe: Permission denied
collect2.exe: error: ld returned 1 exit status
20:44:29 **** Incremental Build of configuration Debug for project stack_LIFO ****
Info: Internal Builder is used for build
gcc -o stack_LIFO.exe lifo.o main.o 
c:/mingw/bin/../lib/gcc/mingw32/6.3.0/../../../../mingw32/bin/ld.exe: cannot open output file stack_LIFO.exe: Permission denied
collect2.exe: error: ld returned 1 exit status
20:45:04 **** Incremental Build of configuration Debug for project stack_LIFO ****
Info: Internal Builder is used for build
gcc -O0 -g3 -Wall -c -fmessage-length=0 -o main.o "..\\main.c" 
..\main.c: In function 'main':
..\main.c:28:31: warning: pointer targets in passing argument 2 of 'LIFO_pop_item' differ in signedness [-Wpointer-sign]
   if(LIFO_pop_item(&uart_lifo,&temp)==LIFO_no_error)
                               ^
In file included from ..\main.c:9:0:
..\lifo.h:30:13: note: expected 'unsigned int *' but argument is of type 'int *'
 LIFO_status LIFO_pop_item (LIFO_Buf_t* lifo_buf, unsigned int * item);
             ^~~~~~~~~~~~~
gcc -O0 -g3 -Wall -c -fmessage-length=0 -o lifo.o "..\\lifo.c" 
gcc -o stack_LIFO.exe lifo.o main.o 
c:/mingw/bin/../lib/gcc/mingw32/6.3.0/../../../../mingw32/bin/ld.exe: cannot open output file stack_LIFO.exe: Permission denied
collect2.exe: error: ld returned 1 exit status
20:45:52 **** Incremental Build of configuration Debug for project stack_LIFO ****
Info: Internal Builder is used for build
gcc -O0 -g3 -Wall -c -fmessage-length=0 -o lifo.o "..\\lifo.c" 
gcc -O0 -g3 -Wall -c -fmessage-length=0 -o main.o "..\\main.c" 
..\main.c: In function 'main':
..\main.c:28:31: warning: pointer targets in passing argument 2 of 'LIFO_pop_item' differ in signedness [-Wpointer-sign]
   if(LIFO_pop_item(&uart_lifo,&temp)==LIFO_no_error)
                               ^
In file included from ..\main.c:9:0:
..\lifo.h:30:13: note: expected 'unsigned int *' but argument is of type 'int *'
 LIFO_status LIFO_pop_item (LIFO_Buf_t* lifo_buf, unsigned int* item);
             ^~~~~~~~~~~~~
gcc -o stack_LIFO.exe lifo.o main.o 
c:/mingw/bin/../lib/gcc/mingw32/6.3.0/../../../../mingw32/bin/ld.exe: cannot open output file stack_LIFO.exe: Permission denied
collect2.exe: error: ld returned 1 exit status
20:46:11 **** Incremental Build of configuration Debug for project stack_LIFO ****
Info: Internal Builder is used for build
gcc -o stack_LIFO.exe lifo.o main.o 
c:/mingw/bin/../lib/gcc/mingw32/6.3.0/../../../../mingw32/bin/ld.exe: cannot open output file stack_LIFO.exe: Permission denied
collect2.exe: error: ld returned 1 exit status
20:46:28 **** Incremental Build of configuration Debug for project stack_LIFO ****
Info: Internal Builder is used for build
gcc -o stack_LIFO.exe lifo.o main.o 
Info: Nothing to build for stack_LIFO
20:47:16 **** Incremental Build of configuration Debug for project stack_LIFO ****
Info: Internal Builder is used for build
gcc -O0 -g3 -Wall -c -fmessage-length=0 -o main.o "..\\main.c" 
..\main.c: In function 'main':
..\main.c:28:31: warning: pointer targets in passing argument 2 of 'LIFO_pop_item' differ in signedness [-Wpointer-sign]
   if(LIFO_pop_item(&uart_lifo,&temp)==LIFO_no_error)
                               ^
In file included from ..\main.c:9:0:
..\lifo.h:30:13: note: expected 'unsigned int *' but argument is of type 'int *'
 LIFO_status LIFO_pop_item (LIFO_Buf_t* lifo_buf, unsigned int* item);
             ^~~~~~~~~~~~~
gcc -o stack_LIFO.exe lifo.o main.o 
22:11:19 **** Incremental Build of configuration Debug for project stack_LIFO ****
Info: Internal Builder is used for build
gcc -O0 -g3 -Wall -c -fmessage-length=0 -o lifo.o "..\\lifo.c" 
gcc -O0 -g3 -Wall -c -fmessage-length=0 -o main.o "..\\main.c" 
..\main.c: In function 'main':
..\main.c:28:31: warning: pointer targets in passing argument 2 of 'LIFO_pop_item' differ in signedness [-Wpointer-sign]
   if(LIFO_pop_item(&uart_lifo,&temp)==LIFO_no_error)
                               ^
In file included from ..\main.c:9:0:
..\lifo.h:30:13: note: expected 'unsigned int *' but argument is of type 'int *'
 LIFO_status LIFO_pop_item (LIFO_Buf_t* lifo_buf, unsigned int* item);
             ^~~~~~~~~~~~~
gcc -o stack_LIFO.exe lifo.o main.o 
22:20:09 **** Incremental Build of configuration Debug for project stack_LIFO ****
Info: Internal Builder is used for build
gcc -O0 -g3 -Wall -c -fmessage-length=0 -o lifo.o "..\\lifo.c" 
..\lifo.c: In function 'error_print':
..\lifo.c:59:2: warning: enumeration value 'LIFO_no_error' not handled in switch [-Wswitch]
  switch(stat) {
  ^~~~~~
gcc -O0 -g3 -Wall -c -fmessage-length=0 -o main.o "..\\main.c" 
..\main.c: In function 'main':
..\main.c:31:31: warning: pointer targets in passing argument 2 of 'LIFO_pop_item' differ in signedness [-Wpointer-sign]
   if(LIFO_pop_item(&uart_lifo,&temp)==LIFO_no_error)
                               ^
In file included from ..\main.c:9:0:
..\lifo.h:30:13: note: expected 'unsigned int *' but argument is of type 'int *'
 LIFO_status LIFO_pop_item (LIFO_Buf_t* lifo_buf, unsigned int* item);
             ^~~~~~~~~~~~~
gcc -o stack_LIFO.exe lifo.o main.o 
Info: Nothing to build for stack_LIFO
22:20:51 **** Incremental Build of configuration Debug for project stack_LIFO ****
Info: Internal Builder is used for build
gcc -O0 -g3 -Wall -c -fmessage-length=0 -o main.o "..\\main.c" 
..\main.c: In function 'main':
..\main.c:32:31: warning: pointer targets in passing argument 2 of 'LIFO_pop_item' differ in signedness [-Wpointer-sign]
   if(LIFO_pop_item(&uart_lifo,&temp)==LIFO_no_error)
                               ^
In file included from ..\main.c:9:0:
..\lifo.h:30:13: note: expected 'unsigned int *' but argument is of type 'int *'
 LIFO_status LIFO_pop_item (LIFO_Buf_t* lifo_buf, unsigned int* item);
             ^~~~~~~~~~~~~
gcc -o stack_LIFO.exe lifo.o main.o 
22:21:47 **** Incremental Build of configuration Debug for project stack_LIFO ****
Info: Internal Builder is used for build
gcc -O0 -g3 -Wall -c -fmessage-length=0 -o lifo.o "..\\lifo.c" 
..\lifo.c: In function 'error_print':
..\lifo.c:59:2: warning: enumeration value 'LIFO_no_error' not handled in switch [-Wswitch]
  switch(stat) {
  ^~~~~~
gcc -o stack_LIFO.exe lifo.o main.o 
Info: Nothing to build for stack_LIFO
22:23:34 **** Incremental Build of configuration Debug for project stack_LIFO ****
Info: Internal Builder is used for build
gcc -O0 -g3 -Wall -c -fmessage-length=0 -o lifo.o "..\\lifo.c" 
..\lifo.c: In function 'error_print':
..\lifo.c:59:2: warning: enumeration value 'LIFO_no_error' not handled in switch [-Wswitch]
  switch(stat) {
  ^~~~~~
gcc -o stack_LIFO.exe lifo.o main.o 
22:24:18 **** Incremental Build of configuration Debug for project stack_LIFO ****
Info: Internal Builder is used for build
gcc -O0 -g3 -Wall -c -fmessage-length=0 -o lifo.o "..\\lifo.c" 
..\lifo.c: In function 'error_print':
..\lifo.c:59:2: warning: enumeration value 'LIFO_no_error' not handled in switch [-Wswitch]
  switch(stat) {
  ^~~~~~
gcc -o stack_LIFO.exe lifo.o main.o 
Info: Nothing to build for stack_LIFO
22:25:06 **** Incremental Build of configuration Debug for project stack_LIFO ****
Info: Internal Builder is used for build
gcc -O0 -g3 -Wall -c -fmessage-length=0 -o lifo.o "..\\lifo.c" 
gcc -o stack_LIFO.exe lifo.o main.o 
Info: Nothing to build for stack_LIFO
Info: Nothing to build for stack_LIFO
22:26:52 **** Incremental Build of configuration Debug for project stack_LIFO ****
Info: Internal Builder is used for build
gcc -O0 -g3 -Wall -c -fmessage-length=0 -o lifo.o "..\\lifo.c" 
gcc -o stack_LIFO.exe lifo.o main.o 
22:42:46 **** Incremental Build of configuration Debug for project stack_LIFO ****
Info: Internal Builder is used for build
gcc -O0 -g3 -Wall -c -fmessage-length=0 -o main.o "..\\main.c" 
..\main.c: In function 'main':
..\main.c:31:31: warning: pointer targets in passing argument 2 of 'LIFO_pop_item' differ in signedness [-Wpointer-sign]
   if(LIFO_pop_item(&uart_lifo,&temp)==LIFO_no_error)
                               ^
In file included from ..\main.c:9:0:
..\lifo.h:30:13: note: expected 'unsigned int *' but argument is of type 'int *'
 LIFO_status LIFO_pop_item (LIFO_Buf_t* lifo_buf, unsigned int* item);
             ^~~~~~~~~~~~~
gcc -o stack_LIFO.exe lifo.o main.o 
22:42:48 **** Incremental Build of configuration Debug for project stack_LIFO ****
Info: Internal Builder is used for build
gcc -O0 -g3 -Wall -c -fmessage-length=0 -o lifo.o "..\\lifo.c" 
gcc -o stack_LIFO.exe lifo.o main.o 
22:45:16 **** Incremental Build of configuration Debug for project stack_LIFO ****
Info: Internal Builder is used for build
gcc -O0 -g3 -Wall -c -fmessage-length=0 -o main.o "..\\main.c" 
..\main.c: In function 'main':
..\main.c:24:6: error: void value not ignored as it ought to be
   if(error_print(LIFO_push_item(&uart_lifo,i)==LIFO_no_error))
      ^~~~~~~~~~~
..\main.c:31:31: warning: pointer targets in passing argument 2 of 'LIFO_pop_item' differ in signedness [-Wpointer-sign]
   if(LIFO_pop_item(&uart_lifo,&temp)==LIFO_no_error)
                               ^
In file included from ..\main.c:9:0:
..\lifo.h:30:13: note: expected 'unsigned int *' but argument is of type 'int *'
 LIFO_status LIFO_pop_item (LIFO_Buf_t* lifo_buf, unsigned int* item);
             ^~~~~~~~~~~~~
22:45:18 **** Incremental Build of configuration Debug for project stack_LIFO ****
Info: Internal Builder is used for build
gcc -O0 -g3 -Wall -c -fmessage-length=0 -o main.o "..\\main.c" 
..\main.c: In function 'main':
..\main.c:24:6: error: void value not ignored as it ought to be
   if(error_print(LIFO_push_item(&uart_lifo,i)==LIFO_no_error))
      ^~~~~~~~~~~
..\main.c:31:31: warning: pointer targets in passing argument 2 of 'LIFO_pop_item' differ in signedness [-Wpointer-sign]
   if(LIFO_pop_item(&uart_lifo,&temp)==LIFO_no_error)
                               ^
In file included from ..\main.c:9:0:
..\lifo.h:30:13: note: expected 'unsigned int *' but argument is of type 'int *'
 LIFO_status LIFO_pop_item (LIFO_Buf_t* lifo_buf, unsigned int* item);
             ^~~~~~~~~~~~~
22:48:49 **** Incremental Build of configuration Debug for project stack_LIFO ****
Info: Internal Builder is used for build
gcc -O0 -g3 -Wall -c -fmessage-length=0 -o lifo.o "..\\lifo.c" 
In file included from ..\lifo.c:8:0:
..\lifo.h:31:18: error: expected '=', ',', ';', 'asm' or '__attribute__' before 'void'
 LIFO_status stat void error_print (LIFO_status stat);
                  ^~~~
..\lifo.c:58:18: error: expected '=', ',', ';', 'asm' or '__attribute__' before 'void'
 LIFO_status stat void error_print (LIFO_status stat){
                  ^~~~
22:48:59 **** Incremental Build of configuration Debug for project stack_LIFO ****
Info: Internal Builder is used for build
gcc -O0 -g3 -Wall -c -fmessage-length=0 -o main.o "..\\main.c" 
In file included from ..\main.c:9:0:
..\lifo.h:31:18: error: expected '=', ',', ';', 'asm' or '__attribute__' before 'void'
 LIFO_status stat void error_print (LIFO_status stat);
                  ^~~~
..\main.c: In function 'main':
..\main.c:24:6: warning: implicit declaration of function 'error_print' [-Wimplicit-function-declaration]
   if(error_print(LIFO_push_item(&uart_lifo,i))==LIFO_no_error)
      ^~~~~~~~~~~
..\main.c:31:31: warning: pointer targets in passing argument 2 of 'LIFO_pop_item' differ in signedness [-Wpointer-sign]
   if(LIFO_pop_item(&uart_lifo,&temp)==LIFO_no_error)
                               ^
In file included from ..\main.c:9:0:
..\lifo.h:30:13: note: expected 'unsigned int *' but argument is of type 'int *'
 LIFO_status LIFO_pop_item (LIFO_Buf_t* lifo_buf, unsigned int* item);
             ^~~~~~~~~~~~~
22:49:30 **** Incremental Build of configuration Debug for project stack_LIFO ****
Info: Internal Builder is used for build
gcc -O0 -g3 -Wall -c -fmessage-length=0 -o lifo.o "..\\lifo.c" 
gcc -O0 -g3 -Wall -c -fmessage-length=0 -o main.o "..\\main.c" 
..\main.c: In function 'main':
..\main.c:31:31: warning: pointer targets in passing argument 2 of 'LIFO_pop_item' differ in signedness [-Wpointer-sign]
   if(LIFO_pop_item(&uart_lifo,&temp)==LIFO_no_error)
                               ^
In file included from ..\main.c:9:0:
..\lifo.h:30:13: note: expected 'unsigned int *' but argument is of type 'int *'
 LIFO_status LIFO_pop_item (LIFO_Buf_t* lifo_buf, unsigned int* item);
             ^~~~~~~~~~~~~
gcc -o stack_LIFO.exe lifo.o main.o 
Info: Nothing to build for stack_LIFO
22:50:33 **** Incremental Build of configuration Debug for project stack_LIFO ****
Info: Internal Builder is used for build
gcc -O0 -g3 -Wall -c -fmessage-length=0 -o main.o "..\\main.c" 
..\main.c: In function 'main':
..\main.c:31:43: warning: pointer targets in passing argument 2 of 'LIFO_pop_item' differ in signedness [-Wpointer-sign]
   if(error_print(LIFO_pop_item(&uart_lifo,&temp))==LIFO_no_error)
                                           ^
In file included from ..\main.c:9:0:
..\lifo.h:30:13: note: expected 'unsigned int *' but argument is of type 'int *'
 LIFO_status LIFO_pop_item (LIFO_Buf_t* lifo_buf, unsigned int* item);
             ^~~~~~~~~~~~~
gcc -o stack_LIFO.exe lifo.o main.o 
Info: Nothing to build for stack_LIFO
21:29:32 **** Rebuild of configuration Debug for project queue_FIFO ****
Info: Internal Builder is used for build
gcc -O0 -g3 -Wall -c -fmessage-length=0 -o main.o "..\\main.c" 
..\main.c:10:6: warning: return type of 'main' is not 'int' [-Wmain]
 void main(){
      ^~~~
..\main.c: In function 'main':
..\main.c:23:40: warning: passing argument 2 of 'FIFO_dequeue' makes pointer from integer without a cast [-Wint-conversion]
    error_print(FIFO_dequeue(&FIFO_uart,temp));
                                        ^~~~
In file included from ..\main.c:8:0:
..\fifo.h:45:17: note: expected 'uint8_t * {aka unsigned char *}' but argument is of type 'uint8_t {aka unsigned char}'
 FIFO_BUF_Status FIFO_dequeue (FIFO_Buf_t* fifo, element_type* item);
                 ^~~~~~~~~~~~
..\main.c:23:4: warning: 'temp' may be used uninitialized in this function [-Wmaybe-uninitialized]
    error_print(FIFO_dequeue(&FIFO_uart,temp));
    ^~~~~~~~~~~~~~~~~~~~~~~~~~~~~~~~~~~~~~~~~~
gcc -O0 -g3 -Wall -c -fmessage-length=0 -o fifo.o "..\\fifo.c" 
..\fifo.c: In function 'FIFO_dequeue':
..\fifo.c:48:16: warning: assignment makes integer from pointer without a cast [-Wint-conversion]
  *(fifo->head) = item;
                ^
gcc -o queue_FIFO.exe fifo.o main.o 
Info: Nothing to build for queue_FIFO
21:30:22 **** Incremental Build of configuration Debug for project queue_FIFO ****
Info: Internal Builder is used for build
gcc -O0 -g3 -Wall -c -fmessage-length=0 -o fifo.o "..\\fifo.c" 
..\fifo.c: In function 'FIFO_dequeue':
..\fifo.c:48:16: warning: comparison between pointer and integer
  *(fifo->head) == item;
                ^~
..\fifo.c:48:16: warning: statement with no effect [-Wunused-value]
  *(fifo->head) == item;
  ~~~~~~~~~~~~~~^~~~~~~
gcc -o queue_FIFO.exe fifo.o main.o 
21:31:28 **** Incremental Build of configuration Debug for project queue_FIFO ****
Info: Internal Builder is used for build
gcc -O0 -g3 -Wall -c -fmessage-length=0 -o fifo.o "..\\fifo.c" 
..\fifo.c: In function 'FIFO_dequeue':
..\fifo.c:48:16: warning: assignment makes integer from pointer without a cast [-Wint-conversion]
  *(fifo->head) = item;
                ^
gcc -o queue_FIFO.exe fifo.o main.o 
Info: Nothing to build for queue_FIFO
21:33:57 **** Incremental Build of configuration Debug for project queue_FIFO ****
Info: Internal Builder is used for build
gcc -O0 -g3 -Wall -c -fmessage-length=0 -o fifo.o "..\\fifo.c" 
..\fifo.c: In function 'FIFO_dequeue':
..\fifo.c:48:16: warning: assignment makes integer from pointer without a cast [-Wint-conversion]
  *(fifo->head) = item;
                ^
gcc -o queue_FIFO.exe fifo.o main.o 
Info: Nothing to build for queue_FIFO
Info: Nothing to build for queue_FIFO
21:35:54 **** Incremental Build of configuration Debug for project queue_FIFO ****
Info: Internal Builder is used for build
gcc -O0 -g3 -Wall -c -fmessage-length=0 -o fifo.o "..\\fifo.c" 
..\fifo.c: In function 'FIFO_dequeue':
..\fifo.c:48:16: warning: assignment makes integer from pointer without a cast [-Wint-conversion]
  *(fifo->head) = item;
                ^
gcc -o queue_FIFO.exe fifo.o main.o 
Info: Nothing to build for queue_FIFO
22:11:49 **** Incremental Build of configuration Debug for project queue_FIFO ****
Info: Internal Builder is used for build
gcc -O0 -g3 -Wall -c -fmessage-length=0 -o fifo.o "..\\fifo.c" 
..\fifo.c: In function 'FIFO_dequeue':
..\fifo.c:51:7: warning: assignment makes pointer from integer without a cast [-Wint-conversion]
  item = *(fifo->tail);
       ^
gcc -o queue_FIFO.exe fifo.o main.o 
Info: Nothing to build for queue_FIFO
22:14:52 **** Incremental Build of configuration Debug for project queue_FIFO ****
Info: Internal Builder is used for build
gcc -O0 -g3 -Wall -c -fmessage-length=0 -o main.o "..\\main.c" 
..\main.c:10:6: warning: return type of 'main' is not 'int' [-Wmain]
 void main(){
      ^~~~
gcc -o queue_FIFO.exe fifo.o main.o 
Info: Nothing to build for queue_FIFO
22:15:21 **** Incremental Build of configuration Debug for project queue_FIFO ****
Info: Internal Builder is used for build
gcc -O0 -g3 -Wall -c -fmessage-length=0 -o main.o "..\\main.c" 
..\main.c:10:6: warning: return type of 'main' is not 'int' [-Wmain]
 void main(){
      ^~~~
gcc -o queue_FIFO.exe fifo.o main.o 
Info: Nothing to build for queue_FIFO
22:16:37 **** Incremental Build of configuration Debug for project queue_FIFO ****
Info: Internal Builder is used for build
gcc -O0 -g3 -Wall -c -fmessage-length=0 -o fifo.o "..\\fifo.c" 
gcc -o queue_FIFO.exe fifo.o main.o 
Info: Nothing to build for queue_FIFO
22:17:24 **** Incremental Build of configuration Debug for project queue_FIFO ****
Info: Internal Builder is used for build
gcc -O0 -g3 -Wall -c -fmessage-length=0 -o fifo.o "..\\fifo.c" 
gcc -o queue_FIFO.exe fifo.o main.o 
Info: Nothing to build for queue_FIFO
22:18:06 **** Incremental Build of configuration Debug for project queue_FIFO ****
Info: Internal Builder is used for build
gcc -O0 -g3 -Wall -c -fmessage-length=0 -o fifo.o "..\\fifo.c" 
gcc -o queue_FIFO.exe fifo.o main.o 
Info: Nothing to build for queue_FIFO
22:21:21 **** Incremental Build of configuration Debug for project queue_FIFO ****
Info: Internal Builder is used for build
gcc -O0 -g3 -Wall -c -fmessage-length=0 -o main.o "..\\main.c" 
..\main.c:10:6: warning: return type of 'main' is not 'int' [-Wmain]
 void main(){
      ^~~~
gcc -o queue_FIFO.exe fifo.o main.o 
Info: Nothing to build for queue_FIFO
22:22:20 **** Incremental Build of configuration Debug for project queue_FIFO ****
Info: Internal Builder is used for build
gcc -O0 -g3 -Wall -c -fmessage-length=0 -o main.o "..\\main.c" 
..\main.c:10:6: warning: return type of 'main' is not 'int' [-Wmain]
 void main(){
      ^~~~
gcc -o queue_FIFO.exe fifo.o main.o 
Info: Nothing to build for queue_FIFO
22:23:50 **** Incremental Build of configuration Debug for project queue_FIFO ****
Info: Internal Builder is used for build
gcc -O0 -g3 -Wall -c -fmessage-length=0 -o main.o "..\\main.c" 
..\main.c:10:6: warning: return type of 'main' is not 'int' [-Wmain]
 void main(){
      ^~~~
gcc -o queue_FIFO.exe fifo.o main.o 
Info: Nothing to build for queue_FIFO
22:24:15 **** Incremental Build of configuration Debug for project queue_FIFO ****
Info: Internal Builder is used for build
gcc -O0 -g3 -Wall -c -fmessage-length=0 -o main.o "..\\main.c" 
..\main.c:10:6: warning: return type of 'main' is not 'int' [-Wmain]
 void main(){
      ^~~~
gcc -o queue_FIFO.exe fifo.o main.o 
Info: Nothing to build for queue_FIFO
22:24:48 **** Incremental Build of configuration Debug for project queue_FIFO ****
Info: Internal Builder is used for build
gcc -O0 -g3 -Wall -c -fmessage-length=0 -o main.o "..\\main.c" 
..\main.c:10:6: warning: return type of 'main' is not 'int' [-Wmain]
 void main(){
      ^~~~
gcc -o queue_FIFO.exe fifo.o main.o 
22:25:05 **** Incremental Build of configuration Debug for project queue_FIFO ****
Info: Internal Builder is used for build
gcc -O0 -g3 -Wall -c -fmessage-length=0 -o main.o "..\\main.c" 
..\main.c:10:6: warning: return type of 'main' is not 'int' [-Wmain]
 void main(){
      ^~~~
gcc -o queue_FIFO.exe fifo.o main.o 
22:30:43 **** Incremental Build of configuration Debug for project queue_FIFO ****
Info: Internal Builder is used for build
gcc -O0 -g3 -Wall -c -fmessage-length=0 -o fifo.o "..\\fifo.c" 
gcc -O0 -g3 -Wall -c -fmessage-length=0 -o main.o "..\\main.c" 
..\main.c:10:6: warning: return type of 'main' is not 'int' [-Wmain]
 void main(){
      ^~~~
gcc -o queue_FIFO.exe fifo.o main.o 
22:35:01 **** Incremental Build of configuration Debug for project queue_FIFO ****
Info: Internal Builder is used for build
gcc -O0 -g3 -Wall -c -fmessage-length=0 -o main.o "..\\main.c" 
..\main.c:10:6: warning: return type of 'main' is not 'int' [-Wmain]
 void main(){
      ^~~~
gcc -O0 -g3 -Wall -c -fmessage-length=0 -o fifo.o "..\\fifo.c" 
gcc -o queue_FIFO.exe fifo.o main.o 
Info: Nothing to build for queue_FIFO
22:44:52 **** Incremental Build of configuration Debug for project queue_FIFO ****
Info: Internal Builder is used for build
gcc -O0 -g3 -Wall -c -fmessage-length=0 -o fifo.o "..\\fifo.c" 
gcc -o queue_FIFO.exe fifo.o main.o 
22:45:51 **** Incremental Build of configuration Debug for project queue_FIFO ****
Info: Internal Builder is used for build
gcc -O0 -g3 -Wall -c -fmessage-length=0 -o fifo.o "..\\fifo.c" 
gcc -o queue_FIFO.exe fifo.o main.o 
22:51:08 **** Incremental Build of configuration Debug for project queue_FIFO ****
Info: Internal Builder is used for build
gcc -O0 -g3 -Wall -c -fmessage-length=0 -o fifo.o "..\\fifo.c" 
gcc -o queue_FIFO.exe fifo.o main.o 
22:51:58 **** Incremental Build of configuration Debug for project queue_FIFO ****
Info: Internal Builder is used for build
gcc -O0 -g3 -Wall -c -fmessage-length=0 -o main.o "..\\main.c" 
..\main.c:10:6: warning: return type of 'main' is not 'int' [-Wmain]
 void main(){
      ^~~~
gcc -o queue_FIFO.exe fifo.o main.o 
Info: Nothing to build for queue_FIFO
22:53:41 **** Incremental Build of configuration Debug for project queue_FIFO ****
Info: Internal Builder is used for build
gcc -O0 -g3 -Wall -c -fmessage-length=0 -o main.o "..\\main.c" 
..\main.c:10:6: warning: return type of 'main' is not 'int' [-Wmain]
 void main(){
      ^~~~
gcc -o queue_FIFO.exe fifo.o main.o 
22:54:13 **** Incremental Build of configuration Debug for project queue_FIFO ****
Info: Internal Builder is used for build
gcc -O0 -g3 -Wall -c -fmessage-length=0 -o main.o "..\\main.c" 
..\main.c:10:6: warning: return type of 'main' is not 'int' [-Wmain]
 void main(){
      ^~~~
gcc -o queue_FIFO.exe fifo.o main.o 
22:54:38 **** Incremental Build of configuration Debug for project queue_FIFO ****
Info: Internal Builder is used for build
gcc -O0 -g3 -Wall -c -fmessage-length=0 -o main.o "..\\main.c" 
..\main.c:10:6: warning: return type of 'main' is not 'int' [-Wmain]
 void main(){
      ^~~~
gcc -o queue_FIFO.exe fifo.o main.o 
22:55:15 **** Incremental Build of configuration Debug for project queue_FIFO ****
Info: Internal Builder is used for build
gcc -O0 -g3 -Wall -c -fmessage-length=0 -o main.o "..\\main.c" 
..\main.c:10:6: warning: return type of 'main' is not 'int' [-Wmain]
 void main(){
      ^~~~
gcc -o queue_FIFO.exe fifo.o main.o 
23:11:06 **** Incremental Build of configuration Debug for project queue_FIFO ****
Info: Internal Builder is used for build
gcc -O0 -g3 -Wall -c -fmessage-length=0 -o fifo.o "..\\fifo.c" 
gcc -O0 -g3 -Wall -c -fmessage-length=0 -o main.o "..\\main.c" 
..\main.c:10:6: warning: return type of 'main' is not 'int' [-Wmain]
 void main(){
      ^~~~
gcc -o queue_FIFO.exe fifo.o main.o 
Info: Nothing to build for queue_FIFO
23:16:34 **** Incremental Build of configuration Debug for project queue_FIFO ****
Info: Internal Builder is used for build
gcc -O0 -g3 -Wall -c -fmessage-length=0 -o fifo.o "..\\fifo.c" 
gcc -o queue_FIFO.exe fifo.o main.o 
23:17:50 **** Incremental Build of configuration Debug for project queue_FIFO ****
Info: Internal Builder is used for build
gcc -O0 -g3 -Wall -c -fmessage-length=0 -o fifo.o "..\\fifo.c" 
gcc -o queue_FIFO.exe fifo.o main.o 
23:20:10 **** Incremental Build of configuration Debug for project queue_FIFO ****
Info: Internal Builder is used for build
gcc -O0 -g3 -Wall -c -fmessage-length=0 -o fifo.o "..\\fifo.c" 
gcc -o queue_FIFO.exe fifo.o main.o 
23:21:06 **** Incremental Build of configuration Debug for project queue_FIFO ****
Info: Internal Builder is used for build
gcc -O0 -g3 -Wall -c -fmessage-length=0 -o main.o "..\\main.c" 
..\main.c:10:6: warning: return type of 'main' is not 'int' [-Wmain]
 void main(){
      ^~~~
gcc -o queue_FIFO.exe fifo.o main.o 
23:36:15 **** Incremental Build of configuration Debug for project queue_FIFO ****
Info: Internal Builder is used for build
gcc -O0 -g3 -Wall -c -fmessage-length=0 -o fifo.o "..\\fifo.c" 
gcc -o queue_FIFO.exe fifo.o main.o 
23:36:49 **** Incremental Build of configuration Debug for project queue_FIFO ****
Info: Internal Builder is used for build
gcc -O0 -g3 -Wall -c -fmessage-length=0 -o fifo.o "..\\fifo.c" 
gcc -o queue_FIFO.exe fifo.o main.o 
23:43:44 **** Incremental Build of configuration Debug for project queue_FIFO ****
Info: Internal Builder is used for build
gcc -O0 -g3 -Wall -c -fmessage-length=0 -o fifo.o "..\\fifo.c" 
gcc -o queue_FIFO.exe fifo.o main.o 
23:44:07 **** Incremental Build of configuration Debug for project queue_FIFO ****
Info: Internal Builder is used for build
gcc -O0 -g3 -Wall -c -fmessage-length=0 -o fifo.o "..\\fifo.c" 
gcc -o queue_FIFO.exe fifo.o main.o 
23:44:51 **** Incremental Build of configuration Debug for project queue_FIFO ****
Info: Internal Builder is used for build
gcc -O0 -g3 -Wall -c -fmessage-length=0 -o fifo.o "..\\fifo.c" 
gcc -o queue_FIFO.exe fifo.o main.o 
23:52:37 **** Incremental Build of configuration Debug for project queue_FIFO ****
Info: Internal Builder is used for build
gcc -O0 -g3 -Wall -c -fmessage-length=0 -o fifo.o "..\\fifo.c" 
gcc -o queue_FIFO.exe fifo.o main.o 
23:54:51 **** Incremental Build of configuration Debug for project queue_FIFO ****
Info: Internal Builder is used for build
gcc -O0 -g3 -Wall -c -fmessage-length=0 -o fifo.o "..\\fifo.c" 
gcc -o queue_FIFO.exe fifo.o main.o 
23:55:22 **** Incremental Build of configuration Debug for project queue_FIFO ****
Info: Internal Builder is used for build
gcc -O0 -g3 -Wall -c -fmessage-length=0 -o fifo.o "..\\fifo.c" 
gcc -o queue_FIFO.exe fifo.o main.o 
00:00:48 **** Incremental Build of configuration Debug for project queue_FIFO ****
Info: Internal Builder is used for build
gcc -O0 -g3 -Wall -c -fmessage-length=0 -o main.o "..\\main.c" 
..\main.c:10:6: warning: return type of 'main' is not 'int' [-Wmain]
 void main(){
      ^~~~
gcc -O0 -g3 -Wall -c -fmessage-length=0 -o fifo.o "..\\fifo.c" 
gcc -o queue_FIFO.exe fifo.o main.o 
00:02:07 **** Incremental Build of configuration Debug for project queue_FIFO ****
Info: Internal Builder is used for build
gcc -O0 -g3 -Wall -c -fmessage-length=0 -o fifo.o "..\\fifo.c" 
gcc -o queue_FIFO.exe fifo.o main.o 
20:22:27 **** Rebuild of configuration Debug for project linked_list_students ****
Info: Internal Builder is used for build
gcc -O0 -g3 -Wall -c -fmessage-length=0 -o linked_list_st.o "..\\linked_list_st.c" 
..\linked_list_st.c: In function 'AddStudent':
..\linked_list_st.c:21:5: error: 'gpFirstStudent' undeclared (first use in this function)
  if(gpFirstStudent == NULL){
     ^~~~~~~~~~~~~~
..\linked_list_st.c:21:5: note: each undeclared identifier is reported only once for each function it appears in
..\linked_list_st.c:23:50: error: invalid application of 'sizeof' to incomplete type 'struct SStudent'
   pNewStudent = (struct SStudent*) malloc(sizeof(struct SStudent));
                                                  ^~~~~~
..\linked_list_st.c:32:21: error: dereferencing pointer to incomplete type 'struct SStudent'
   while(pLastStudent->PNextStudent)
                     ^~
..\linked_list_st.c:36:50: error: invalid application of 'sizeof' to incomplete type 'struct SStudent'
   pNewStudent = (struct SStudent*) malloc(sizeof(struct SStudent));
                                                  ^~~~~~
..\linked_list_st.c: In function 'delete_student':
..\linked_list_st.c:71:5: error: 'gpFirstStudent' undeclared (first use in this function)
  if(gpFirstStudent){
     ^~~~~~~~~~~~~~
..\linked_list_st.c:80:23: error: dereferencing pointer to incomplete type 'struct SStudent'
    if(pSelectedStudent->Student.ID == selected_id){
                       ^~
..\linked_list_st.c: In function 'view_Students':
..\linked_list_st.c:107:37: error: 'gpFirstStudent' undeclared (first use in this function)
  struct SStudent* pCurrentStudent = gpFirstStudent;
                                     ^~~~~~~~~~~~~~
..\linked_list_st.c:113:45: error: dereferencing pointer to incomplete type 'struct SStudent'
    printf("\n \t ST ID : %d",pCurrentStudent->Student.ID);
                                             ^~
..\linked_list_st.c: In function 'DeleteALL':
..\linked_list_st.c:129:37: error: 'gpFirstStudent' undeclared (first use in this function)
  struct SStudent* pCurrentStudent = gpFirstStudent;
                                     ^~~~~~~~~~~~~~
..\linked_list_st.c:135:37: error: dereferencing pointer to incomplete type 'struct SStudent'
    pCurrentStudent = pCurrentStudent->PNextStudent;
                                     ^~
20:24:09 **** Incremental Build of configuration Debug for project linked_list_students ****
Info: Internal Builder is used for build
gcc -O0 -g3 -Wall -c -fmessage-length=0 -o main.o "..\\main.c" 
..\main.c:12:6: warning: return type of 'main' is not 'int' [-Wmain]
 void main(){
      ^~~~
gcc -O0 -g3 -Wall -c -fmessage-length=0 -o linked_list_st.o "..\\linked_list_st.c" 
gcc -o linked_list_students.exe linked_list_st.o main.o 
main.o:main.c:(.bss+0x0): multiple definition of `gpFirstStudent'
linked_list_st.o:linked_list_st.c:(.bss+0x0): first defined here
collect2.exe: error: ld returned 1 exit status
20:24:59 **** Incremental Build of configuration Debug for project linked_list_students ****
Info: Internal Builder is used for build
gcc -O0 -g3 -Wall -c -fmessage-length=0 -o linked_list_st.o "..\\linked_list_st.c" 
gcc -o linked_list_students.exe linked_list_st.o main.o 
main.o:main.c:(.bss+0x0): multiple definition of `gpFirstStudent'
linked_list_st.o:linked_list_st.c:(.bss+0x0): first defined here
collect2.exe: error: ld returned 1 exit status
20:25:56 **** Incremental Build of configuration Debug for project linked_list_students ****
Info: Internal Builder is used for build
gcc -O0 -g3 -Wall -c -fmessage-length=0 -o main.o "..\\main.c" 
..\main.c:12:6: warning: return type of 'main' is not 'int' [-Wmain]
 void main(){
      ^~~~
gcc -O0 -g3 -Wall -c -fmessage-length=0 -o linked_list_st.o "..\\linked_list_st.c" 
gcc -o linked_list_students.exe linked_list_st.o main.o 
main.o:main.c:(.bss+0x0): multiple definition of `gpFirstStudent'
linked_list_st.o:linked_list_st.c:(.bss+0x0): first defined here
collect2.exe: error: ld returned 1 exit status
20:26:35 **** Incremental Build of configuration Debug for project linked_list_students ****
Info: Internal Builder is used for build
gcc -O0 -g3 -Wall -c -fmessage-length=0 -o main.o "..\\main.c" 
..\main.c:12:6: warning: return type of 'main' is not 'int' [-Wmain]
 void main(){
      ^~~~
..\main.c: In function 'main':
..\main.c:29:10: warning: implicit declaration of function 'atoi' [-Wimplicit-function-declaration]
   switch(atoi(temp_text)){
          ^~~~
gcc -O0 -g3 -Wall -c -fmessage-length=0 -o linked_list_st.o "..\\linked_list_st.c" 
gcc -o linked_list_students.exe linked_list_st.o main.o 
main.o:main.c:(.bss+0x0): multiple definition of `gpFirstStudent'
linked_list_st.o:linked_list_st.c:(.bss+0x0): first defined here
collect2.exe: error: ld returned 1 exit status
20:27:01 **** Incremental Build of configuration Debug for project linked_list_students ****
Info: Internal Builder is used for build
gcc -O0 -g3 -Wall -c -fmessage-length=0 -o linked_list_st.o "..\\linked_list_st.c" 
gcc -O0 -g3 -Wall -c -fmessage-length=0 -o main.o "..\\main.c" 
..\main.c:12:6: warning: return type of 'main' is not 'int' [-Wmain]
 void main(){
      ^~~~
gcc -o linked_list_students.exe linked_list_st.o main.o 
main.o:main.c:(.bss+0x0): multiple definition of `gpFirstStudent'
linked_list_st.o:linked_list_st.c:(.bss+0x0): first defined here
collect2.exe: error: ld returned 1 exit status
20:27:10 **** Incremental Build of configuration Debug for project linked_list_students ****
Info: Internal Builder is used for build
gcc -o linked_list_students.exe linked_list_st.o main.o 
main.o:main.c:(.bss+0x0): multiple definition of `gpFirstStudent'
linked_list_st.o:linked_list_st.c:(.bss+0x0): first defined here
collect2.exe: error: ld returned 1 exit status
20:27:15 **** Incremental Build of configuration Debug for project linked_list_students ****
Info: Internal Builder is used for build
gcc -O0 -g3 -Wall -c -fmessage-length=0 -o linked_list_st.o "..\\linked_list_st.c" 
gcc -o linked_list_students.exe linked_list_st.o main.o 
main.o:main.c:(.bss+0x0): multiple definition of `gpFirstStudent'
linked_list_st.o:linked_list_st.c:(.bss+0x0): first defined here
collect2.exe: error: ld returned 1 exit status
20:29:54 **** Incremental Build of configuration Debug for project linked_list_students ****
Info: Internal Builder is used for build
gcc -O0 -g3 -Wall -c -fmessage-length=0 -o main.o "..\\main.c" 
..\main.c:12:6: warning: return type of 'main' is not 'int' [-Wmain]
 void main(){
      ^~~~
gcc -o linked_list_students.exe linked_list_st.o main.o 
main.o:main.c:(.bss+0x0): multiple definition of `gpFirstStudent'
linked_list_st.o:linked_list_st.c:(.bss+0x0): first defined here
collect2.exe: error: ld returned 1 exit status
20:30:28 **** Incremental Build of configuration Debug for project linked_list_students ****
Info: Internal Builder is used for build
gcc -o linked_list_students.exe linked_list_st.o main.o 
main.o:main.c:(.bss+0x0): multiple definition of `gpFirstStudent'
linked_list_st.o:linked_list_st.c:(.bss+0x0): first defined here
collect2.exe: error: ld returned 1 exit status
20:30:40 **** Incremental Build of configuration Debug for project linked_list_students ****
Info: Internal Builder is used for build
gcc -O0 -g3 -Wall -c -fmessage-length=0 -o linked_list_st.o "..\\linked_list_st.c" 
..\linked_list_st.c: In function 'AddStudent':
..\linked_list_st.c:18:5: error: 'gpFirstStudent' undeclared (first use in this function)
  if(gpFirstStudent == NULL){
     ^~~~~~~~~~~~~~
..\linked_list_st.c:18:5: note: each undeclared identifier is reported only once for each function it appears in
..\linked_list_st.c:18:23: error: 'NULL' undeclared (first use in this function)
  if(gpFirstStudent == NULL){
                       ^~~~
..\linked_list_st.c:20:36: warning: implicit declaration of function 'malloc' [-Wimplicit-function-declaration]
   pNewStudent = (struct SStudent*) malloc(sizeof(struct SStudent));
                                    ^~~~~~
..\linked_list_st.c:20:36: warning: incompatible implicit declaration of built-in function 'malloc'
..\linked_list_st.c:20:36: note: include '<stdlib.h>' or provide a declaration of 'malloc'
..\linked_list_st.c:20:50: error: invalid application of 'sizeof' to incomplete type 'struct SStudent'
   pNewStudent = (struct SStudent*) malloc(sizeof(struct SStudent));
                                                  ^~~~~~
..\linked_list_st.c:29:21: error: dereferencing pointer to incomplete type 'struct SStudent'
   while(pLastStudent->PNextStudent)
                     ^~
..\linked_list_st.c:33:36: warning: incompatible implicit declaration of built-in function 'malloc'
   pNewStudent = (struct SStudent*) malloc(sizeof(struct SStudent));
                                    ^~~~~~
..\linked_list_st.c:33:36: note: include '<stdlib.h>' or provide a declaration of 'malloc'
..\linked_list_st.c:33:50: error: invalid application of 'sizeof' to incomplete type 'struct SStudent'
   pNewStudent = (struct SStudent*) malloc(sizeof(struct SStudent));
                                                  ^~~~~~
..\linked_list_st.c:39:2: warning: implicit declaration of function 'printf' [-Wimplicit-function-declaration]
  printf("\n Enter The Student ID : ");
  ^~~~~~
..\linked_list_st.c:39:2: warning: incompatible implicit declaration of built-in function 'printf'
..\linked_list_st.c:39:2: note: include '<stdio.h>' or provide a declaration of 'printf'
..\linked_list_st.c:40:2: warning: implicit declaration of function 'gets' [-Wimplicit-function-declaration]
  gets(temp_text);
  ^~~~
..\linked_list_st.c:41:28: warning: implicit declaration of function 'atoi' [-Wimplicit-function-declaration]
  pNewStudent->Student.ID = atoi(temp_text);
                            ^~~~
..\linked_list_st.c:48:32: warning: implicit declaration of function 'atof' [-Wimplicit-function-declaration]
  pNewStudent->Student.height = atof(temp_text);
                                ^~~~
..\linked_list_st.c: In function 'delete_student':
..\linked_list_st.c:62:2: warning: incompatible implicit declaration of built-in function 'printf'
  printf("\n Enter The Student ID to Be Deleted : ");
  ^~~~~~
..\linked_list_st.c:62:2: note: include '<stdio.h>' or provide a declaration of 'printf'
..\linked_list_st.c:68:5: error: 'gpFirstStudent' undeclared (first use in this function)
  if(gpFirstStudent){
     ^~~~~~~~~~~~~~
..\linked_list_st.c:71:39: error: 'NULL' undeclared (first use in this function)
   struct SStudent* pPreviousStudent = NULL;
                                       ^~~~
..\linked_list_st.c:77:23: error: dereferencing pointer to incomplete type 'struct SStudent'
    if(pSelectedStudent->Student.ID == selected_id){
                       ^~
..\linked_list_st.c:88:5: warning: implicit declaration of function 'free' [-Wimplicit-function-declaration]
     free(pSelectedStudent);
     ^~~~
..\linked_list_st.c:88:5: warning: incompatible implicit declaration of built-in function 'free'
..\linked_list_st.c:88:5: note: include '<stdlib.h>' or provide a declaration of 'free'
..\linked_list_st.c: In function 'view_Students':
..\linked_list_st.c:104:37: error: 'gpFirstStudent' undeclared (first use in this function)
  struct SStudent* pCurrentStudent = gpFirstStudent;
                                     ^~~~~~~~~~~~~~
..\linked_list_st.c:109:4: warning: incompatible implicit declaration of built-in function 'printf'
    printf("\n \t ST no. : %d",count);
    ^~~~~~
..\linked_list_st.c:109:4: note: include '<stdio.h>' or provide a declaration of 'printf'
..\linked_list_st.c:110:45: error: dereferencing pointer to incomplete type 'struct SStudent'
    printf("\n \t ST ID : %d",pCurrentStudent->Student.ID);
                                             ^~
..\linked_list_st.c:120:3: warning: incompatible implicit declaration of built-in function 'printf'
   printf("\n Empty list !!!");
   ^~~~~~
..\linked_list_st.c:120:3: note: include '<stdio.h>' or provide a declaration of 'printf'
..\linked_list_st.c: In function 'DeleteALL':
..\linked_list_st.c:126:37: error: 'gpFirstStudent' undeclared (first use in this function)
  struct SStudent* pCurrentStudent = gpFirstStudent;
                                     ^~~~~~~~~~~~~~
..\linked_list_st.c:132:37: error: dereferencing pointer to incomplete type 'struct SStudent'
    pCurrentStudent = pCurrentStudent->PNextStudent;
                                     ^~
..\linked_list_st.c:133:4: warning: incompatible implicit declaration of built-in function 'free'
    free(PTempStudent);
    ^~~~
..\linked_list_st.c:133:4: note: include '<stdlib.h>' or provide a declaration of 'free'
..\linked_list_st.c:136:20: error: 'NULL' undeclared (first use in this function)
   gpFirstStudent = NULL;
                    ^~~~
..\linked_list_st.c:139:3: warning: incompatible implicit declaration of built-in function 'printf'
   printf("\n No list to Delete !!!");
   ^~~~~~
..\linked_list_st.c:139:3: note: include '<stdio.h>' or provide a declaration of 'printf'
20:30:50 **** Incremental Build of configuration Debug for project linked_list_students ****
Info: Internal Builder is used for build
gcc -O0 -g3 -Wall -c -fmessage-length=0 -o linked_list_st.o "..\\linked_list_st.c" 
gcc -o linked_list_students.exe linked_list_st.o main.o 
main.o:main.c:(.bss+0x0): multiple definition of `gpFirstStudent'
linked_list_st.o:linked_list_st.c:(.bss+0x0): first defined here
collect2.exe: error: ld returned 1 exit status
20:32:19 **** Incremental Build of configuration Debug for project linked_list_students ****
Info: Internal Builder is used for build
gcc -O0 -g3 -Wall -c -fmessage-length=0 -o linked_list_st.o "..\\linked_list_st.c" 
..\linked_list_st.c:10:8: warning: type defaults to 'int' in declaration of 'gpFirstStudent' [-Wimplicit-int]
 extern gpFirstStudent;
        ^~~~~~~~~~~~~~
..\linked_list_st.c:10:8: error: conflicting types for 'gpFirstStudent'
In file included from ..\linked_list_st.c:8:0:
..\linked_list_st.h:31:18: note: previous definition of 'gpFirstStudent' was here
 struct SStudent* gpFirstStudent = NULL;
                  ^~~~~~~~~~~~~~
..\linked_list_st.c: In function 'AddStudent':
..\linked_list_st.c:20:20: warning: comparison between pointer and integer
  if(gpFirstStudent == NULL){
                    ^~
..\linked_list_st.c:24:18: warning: assignment makes integer from pointer without a cast [-Wint-conversion]
   gpFirstStudent = pNewStudent;
                  ^
..\linked_list_st.c:30:16: warning: assignment makes pointer from integer without a cast [-Wint-conversion]
   pLastStudent =gpFirstStudent;
                ^
..\linked_list_st.c: In function 'delete_student':
..\linked_list_st.c:72:39: warning: initialization makes pointer from integer without a cast [-Wint-conversion]
   struct SStudent* pSelectedStudent = gpFirstStudent;
                                       ^~~~~~~~~~~~~~
..\linked_list_st.c:88:21: warning: assignment makes integer from pointer without a cast [-Wint-conversion]
      gpFirstStudent = pSelectedStudent->PNextStudent;
                     ^
..\linked_list_st.c: In function 'view_Students':
..\linked_list_st.c:106:37: warning: initialization makes pointer from integer without a cast [-Wint-conversion]
  struct SStudent* pCurrentStudent = gpFirstStudent;
                                     ^~~~~~~~~~~~~~
..\linked_list_st.c: In function 'DeleteALL':
..\linked_list_st.c:128:37: warning: initialization makes pointer from integer without a cast [-Wint-conversion]
  struct SStudent* pCurrentStudent = gpFirstStudent;
                                     ^~~~~~~~~~~~~~
..\linked_list_st.c:138:18: warning: assignment makes integer from pointer without a cast [-Wint-conversion]
   gpFirstStudent = NULL;
                  ^
20:32:43 **** Incremental Build of configuration Debug for project linked_list_students ****
Info: Internal Builder is used for build
gcc -O0 -g3 -Wall -c -fmessage-length=0 -o linked_list_st.o "..\\linked_list_st.c" 
gcc -o linked_list_students.exe linked_list_st.o main.o 
main.o:main.c:(.bss+0x0): multiple definition of `gpFirstStudent'
linked_list_st.o:linked_list_st.c:(.bss+0x0): first defined here
collect2.exe: error: ld returned 1 exit status
20:35:20 **** Incremental Build of configuration Debug for project linked_list_students ****
Info: Internal Builder is used for build
gcc -O0 -g3 -Wall -c -fmessage-length=0 -o main.o "..\\main.c" 
In file included from ..\main.c:10:0:
..\linked_list_st.h:31:25: warning: 'gpFirstStudent' initialized and declared 'extern'
 extern struct SStudent* gpFirstStudent = NULL;
                         ^~~~~~~~~~~~~~
..\main.c:12:6: warning: return type of 'main' is not 'int' [-Wmain]
 void main(){
      ^~~~
gcc -O0 -g3 -Wall -c -fmessage-length=0 -o linked_list_st.o "..\\linked_list_st.c" 
In file included from ..\linked_list_st.c:8:0:
..\linked_list_st.h:31:25: warning: 'gpFirstStudent' initialized and declared 'extern'
 extern struct SStudent* gpFirstStudent = NULL;
                         ^~~~~~~~~~~~~~
gcc -o linked_list_students.exe linked_list_st.o main.o 
main.o:main.c:(.bss+0x0): multiple definition of `gpFirstStudent'
linked_list_st.o:linked_list_st.c:(.bss+0x0): first defined here
collect2.exe: error: ld returned 1 exit status
20:36:38 **** Incremental Build of configuration Debug for project linked_list_students ****
Info: Internal Builder is used for build
gcc -O0 -g3 -Wall -c -fmessage-length=0 -o main.o "..\\main.c" 
..\main.c:12:6: warning: return type of 'main' is not 'int' [-Wmain]
 void main(){
      ^~~~
gcc -O0 -g3 -Wall -c -fmessage-length=0 -o linked_list_st.o "..\\linked_list_st.c" 
gcc -o linked_list_students.exe linked_list_st.o main.o 
main.o:main.c:(.bss+0x0): multiple definition of `gpFirstStudent'
linked_list_st.o:linked_list_st.c:(.bss+0x0): first defined here
collect2.exe: error: ld returned 1 exit status
20:39:34 **** Incremental Build of configuration Debug for project linked_list_students ****
Info: Internal Builder is used for build
gcc -O0 -g3 -Wall -c -fmessage-length=0 -o main.o "..\\main.c" 
..\main.c:16:6: warning: return type of 'main' is not 'int' [-Wmain]
 void main(){
      ^~~~
gcc -O0 -g3 -Wall -c -fmessage-length=0 -o linked_list_st.o "..\\linked_list_st.c" 
..\linked_list_st.c: In function 'AddStudent':
..\linked_list_st.c:18:5: error: 'gpFirstStudent' undeclared (first use in this function)
  if(gpFirstStudent == NULL){
     ^~~~~~~~~~~~~~
..\linked_list_st.c:18:5: note: each undeclared identifier is reported only once for each function it appears in
..\linked_list_st.c: In function 'delete_student':
..\linked_list_st.c:68:5: error: 'gpFirstStudent' undeclared (first use in this function)
  if(gpFirstStudent){
     ^~~~~~~~~~~~~~
..\linked_list_st.c: In function 'view_Students':
..\linked_list_st.c:104:37: error: 'gpFirstStudent' undeclared (first use in this function)
  struct SStudent* pCurrentStudent = gpFirstStudent;
                                     ^~~~~~~~~~~~~~
..\linked_list_st.c: In function 'DeleteALL':
..\linked_list_st.c:126:37: error: 'gpFirstStudent' undeclared (first use in this function)
  struct SStudent* pCurrentStudent = gpFirstStudent;
                                     ^~~~~~~~~~~~~~
20:40:16 **** Incremental Build of configuration Debug for project linked_list_students ****
Info: Internal Builder is used for build
gcc -O0 -g3 -Wall -c -fmessage-length=0 -o linked_list_st.o "..\\linked_list_st.c" 
..\linked_list_st.c:10:8: warning: type defaults to 'int' in declaration of 'gpFirstStudent' [-Wimplicit-int]
 extern gpFirstStudent;
        ^~~~~~~~~~~~~~
..\linked_list_st.c: In function 'AddStudent':
..\linked_list_st.c:20:20: warning: comparison between pointer and integer
  if(gpFirstStudent == NULL){
                    ^~
..\linked_list_st.c:24:18: warning: assignment makes integer from pointer without a cast [-Wint-conversion]
   gpFirstStudent = pNewStudent;
                  ^
..\linked_list_st.c:30:16: warning: assignment makes pointer from integer without a cast [-Wint-conversion]
   pLastStudent =gpFirstStudent;
                ^
..\linked_list_st.c: In function 'delete_student':
..\linked_list_st.c:72:39: warning: initialization makes pointer from integer without a cast [-Wint-conversion]
   struct SStudent* pSelectedStudent = gpFirstStudent;
                                       ^~~~~~~~~~~~~~
..\linked_list_st.c:88:21: warning: assignment makes integer from pointer without a cast [-Wint-conversion]
      gpFirstStudent = pSelectedStudent->PNextStudent;
                     ^
..\linked_list_st.c: In function 'view_Students':
..\linked_list_st.c:106:37: warning: initialization makes pointer from integer without a cast [-Wint-conversion]
  struct SStudent* pCurrentStudent = gpFirstStudent;
                                     ^~~~~~~~~~~~~~
..\linked_list_st.c: In function 'DeleteALL':
..\linked_list_st.c:128:37: warning: initialization makes pointer from integer without a cast [-Wint-conversion]
  struct SStudent* pCurrentStudent = gpFirstStudent;
                                     ^~~~~~~~~~~~~~
..\linked_list_st.c:138:18: warning: assignment makes integer from pointer without a cast [-Wint-conversion]
   gpFirstStudent = NULL;
                  ^
gcc -o linked_list_students.exe linked_list_st.o main.o 
Info: Nothing to build for linked_list_students
Info: Nothing to build for linked_list_students
Info: Nothing to build for linked_list_students
Info: Nothing to build for linked_list_students
Info: Nothing to build for linked_list_students
Info: Nothing to build for linked_list_students
Info: Nothing to build for linked_list_students
Info: Nothing to build for linked_list_students
Info: Nothing to build for linked_list_students
Info: Nothing to build for linked_list_students
Info: Nothing to build for linked_list_students
Info: Nothing to build for linked_list_students
Info: Nothing to build for linked_list_students
20:42:23 **** Incremental Build of configuration Debug for project linked_list_students ****
Info: Internal Builder is used for build
gcc -O0 -g3 -Wall -c -fmessage-length=0 -o linked_list_st.o "..\\linked_list_st.c" 
..\linked_list_st.c:10:8: error: unknown type name 'SStudent'
 extern SStudent* gpFirstStudent;
        ^~~~~~~~
..\linked_list_st.c: In function 'AddStudent':
..\linked_list_st.c:24:18: warning: assignment from incompatible pointer type [-Wincompatible-pointer-types]
   gpFirstStudent = pNewStudent;
                  ^
..\linked_list_st.c:30:16: warning: assignment from incompatible pointer type [-Wincompatible-pointer-types]
   pLastStudent =gpFirstStudent;
                ^
..\linked_list_st.c: In function 'delete_student':
..\linked_list_st.c:72:39: warning: initialization from incompatible pointer type [-Wincompatible-pointer-types]
   struct SStudent* pSelectedStudent = gpFirstStudent;
                                       ^~~~~~~~~~~~~~
..\linked_list_st.c:88:21: warning: assignment from incompatible pointer type [-Wincompatible-pointer-types]
      gpFirstStudent = pSelectedStudent->PNextStudent;
                     ^
..\linked_list_st.c: In function 'view_Students':
..\linked_list_st.c:106:37: warning: initialization from incompatible pointer type [-Wincompatible-pointer-types]
  struct SStudent* pCurrentStudent = gpFirstStudent;
                                     ^~~~~~~~~~~~~~
..\linked_list_st.c: In function 'DeleteALL':
..\linked_list_st.c:128:37: warning: initialization from incompatible pointer type [-Wincompatible-pointer-types]
  struct SStudent* pCurrentStudent = gpFirstStudent;
                                     ^~~~~~~~~~~~~~
20:43:32 **** Incremental Build of configuration Debug for project linked_list_students ****
Info: Internal Builder is used for build
gcc -O0 -g3 -Wall -c -fmessage-length=0 -o main.o "..\\main.c" 
..\main.c:14:6: warning: return type of 'main' is not 'int' [-Wmain]
 void main(){
      ^~~~
gcc -O0 -g3 -Wall -c -fmessage-length=0 -o linked_list_st.o "..\\linked_list_st.c" 
gcc -o linked_list_students.exe linked_list_st.o main.o 
c:/mingw/bin/../lib/gcc/mingw32/6.3.0/../../../../mingw32/bin/ld.exe: cannot open output file linked_list_students.exe: Permission denied
collect2.exe: error: ld returned 1 exit status
20:43:43 **** Incremental Build of configuration Debug for project linked_list_students ****
Info: Internal Builder is used for build
gcc -o linked_list_students.exe linked_list_st.o main.o 
c:/mingw/bin/../lib/gcc/mingw32/6.3.0/../../../../mingw32/bin/ld.exe: cannot open output file linked_list_students.exe: Permission denied
collect2.exe: error: ld returned 1 exit status
20:43:50 **** Incremental Build of configuration Debug for project linked_list_students ****
Info: Internal Builder is used for build
gcc -o linked_list_students.exe linked_list_st.o main.o 
c:/mingw/bin/../lib/gcc/mingw32/6.3.0/../../../../mingw32/bin/ld.exe: cannot open output file linked_list_students.exe: Permission denied
collect2.exe: error: ld returned 1 exit status
20:44:41 **** Incremental Build of configuration Debug for project linked_list_students ****
Info: Internal Builder is used for build
gcc -o linked_list_students.exe linked_list_st.o main.o 
Info: Nothing to build for linked_list_students
Info: Nothing to build for linked_list_students
Info: Nothing to build for linked_list_students
20:45:20 **** Incremental Build of configuration Debug for project linked_list_students ****
Info: Internal Builder is used for build
gcc -O0 -g3 -Wall -c -fmessage-length=0 -o main.o "..\\main.c" 
..\main.c:17:6: warning: return type of 'main' is not 'int' [-Wmain]
 void main(){
      ^~~~
gcc -o linked_list_students.exe linked_list_st.o main.o 
c:/mingw/bin/../lib/gcc/mingw32/6.3.0/../../../../mingw32/bin/ld.exe: cannot open output file linked_list_students.exe: Permission denied
collect2.exe: error: ld returned 1 exit status
20:46:01 **** Incremental Build of configuration Debug for project linked_list_students ****
Info: Internal Builder is used for build
gcc -o linked_list_students.exe linked_list_st.o main.o 
Info: Nothing to build for linked_list_students
Info: Nothing to build for linked_list_students
Info: Nothing to build for linked_list_students
Info: Nothing to build for linked_list_students
Info: Nothing to build for linked_list_students
20:46:42 **** Incremental Build of configuration Debug for project linked_list_students ****
Info: Internal Builder is used for build
gcc -O0 -g3 -Wall -c -fmessage-length=0 -o linked_list_st.o "..\\linked_list_st.c" 
gcc -o linked_list_students.exe linked_list_st.o main.o 
c:/mingw/bin/../lib/gcc/mingw32/6.3.0/../../../../mingw32/bin/ld.exe: cannot open output file linked_list_students.exe: Permission denied
collect2.exe: error: ld returned 1 exit status
20:48:24 **** Incremental Build of configuration Debug for project linked_list_students ****
Info: Internal Builder is used for build
gcc -o linked_list_students.exe linked_list_st.o main.o 
c:/mingw/bin/../lib/gcc/mingw32/6.3.0/../../../../mingw32/bin/ld.exe: cannot open output file linked_list_students.exe: Permission denied
collect2.exe: error: ld returned 1 exit status
20:49:10 **** Incremental Build of configuration Debug for project linked_list_students ****
Info: Internal Builder is used for build
gcc -O0 -g3 -Wall -c -fmessage-length=0 -o linked_list_st.o "..\\linked_list_st.c" 
..\linked_list_st.c: In function 'AddStudent':
..\linked_list_st.c:21:5: error: 'gpFirstStudent' undeclared (first use in this function)
  if(gpFirstStudent == NULL){
     ^~~~~~~~~~~~~~
..\linked_list_st.c:21:5: note: each undeclared identifier is reported only once for each function it appears in
..\linked_list_st.c: In function 'delete_student':
..\linked_list_st.c:71:5: error: 'gpFirstStudent' undeclared (first use in this function)
  if(gpFirstStudent){
     ^~~~~~~~~~~~~~
..\linked_list_st.c: In function 'view_Students':
..\linked_list_st.c:107:37: error: 'gpFirstStudent' undeclared (first use in this function)
  struct SStudent* pCurrentStudent = gpFirstStudent;
                                     ^~~~~~~~~~~~~~
..\linked_list_st.c: In function 'DeleteALL':
..\linked_list_st.c:129:37: error: 'gpFirstStudent' undeclared (first use in this function)
  struct SStudent* pCurrentStudent = gpFirstStudent;
                                     ^~~~~~~~~~~~~~
20:49:25 **** Incremental Build of configuration Debug for project linked_list_students ****
Info: Internal Builder is used for build
gcc -O0 -g3 -Wall -c -fmessage-length=0 -o linked_list_st.o "..\\linked_list_st.c" 
..\linked_list_st.c: In function 'AddStudent':
..\linked_list_st.c:21:5: error: 'gpFirstStudent' undeclared (first use in this function)
  if(gpFirstStudent == NULL){
     ^~~~~~~~~~~~~~
..\linked_list_st.c:21:5: note: each undeclared identifier is reported only once for each function it appears in
..\linked_list_st.c: In function 'delete_student':
..\linked_list_st.c:71:5: error: 'gpFirstStudent' undeclared (first use in this function)
  if(gpFirstStudent){
     ^~~~~~~~~~~~~~
..\linked_list_st.c: In function 'view_Students':
..\linked_list_st.c:107:37: error: 'gpFirstStudent' undeclared (first use in this function)
  struct SStudent* pCurrentStudent = gpFirstStudent;
                                     ^~~~~~~~~~~~~~
..\linked_list_st.c: In function 'DeleteALL':
..\linked_list_st.c:129:37: error: 'gpFirstStudent' undeclared (first use in this function)
  struct SStudent* pCurrentStudent = gpFirstStudent;
                                     ^~~~~~~~~~~~~~
20:49:32 **** Incremental Build of configuration Debug for project linked_list_students ****
Info: Internal Builder is used for build
gcc -O0 -g3 -Wall -c -fmessage-length=0 -o main.o "..\\main.c" 
..\main.c:22:6: warning: return type of 'main' is not 'int' [-Wmain]
 void main(){
      ^~~~
gcc -O0 -g3 -Wall -c -fmessage-length=0 -o linked_list_st.o "..\\linked_list_st.c" 
..\linked_list_st.c: In function 'AddStudent':
..\linked_list_st.c:21:5: error: 'gpFirstStudent' undeclared (first use in this function)
  if(gpFirstStudent == NULL){
     ^~~~~~~~~~~~~~
..\linked_list_st.c:21:5: note: each undeclared identifier is reported only once for each function it appears in
..\linked_list_st.c: In function 'delete_student':
..\linked_list_st.c:71:5: error: 'gpFirstStudent' undeclared (first use in this function)
  if(gpFirstStudent){
     ^~~~~~~~~~~~~~
..\linked_list_st.c: In function 'view_Students':
..\linked_list_st.c:107:37: error: 'gpFirstStudent' undeclared (first use in this function)
  struct SStudent* pCurrentStudent = gpFirstStudent;
                                     ^~~~~~~~~~~~~~
..\linked_list_st.c: In function 'DeleteALL':
..\linked_list_st.c:129:37: error: 'gpFirstStudent' undeclared (first use in this function)
  struct SStudent* pCurrentStudent = gpFirstStudent;
                                     ^~~~~~~~~~~~~~
20:49:53 **** Incremental Build of configuration Debug for project linked_list_students ****
Info: Internal Builder is used for build
gcc -O0 -g3 -Wall -c -fmessage-length=0 -o linked_list_st.o "..\\linked_list_st.c" 
gcc -O0 -g3 -Wall -c -fmessage-length=0 -o main.o "..\\main.c" 
..\main.c:20:6: warning: return type of 'main' is not 'int' [-Wmain]
 void main(){
      ^~~~
gcc -o linked_list_students.exe linked_list_st.o main.o 
c:/mingw/bin/../lib/gcc/mingw32/6.3.0/../../../../mingw32/bin/ld.exe: cannot open output file linked_list_students.exe: Permission denied
collect2.exe: error: ld returned 1 exit status
20:50:21 **** Incremental Build of configuration Debug for project linked_list_students ****
Info: Internal Builder is used for build
gcc -O0 -g3 -Wall -c -fmessage-length=0 -o main.o "..\\main.c" 
..\main.c:18:6: warning: return type of 'main' is not 'int' [-Wmain]
 void main(){
      ^~~~
gcc -o linked_list_students.exe linked_list_st.o main.o 
c:/mingw/bin/../lib/gcc/mingw32/6.3.0/../../../../mingw32/bin/ld.exe: cannot open output file linked_list_students.exe: Permission denied
collect2.exe: error: ld returned 1 exit status
20:50:44 **** Incremental Build of configuration Debug for project linked_list_students ****
Info: Internal Builder is used for build
gcc -o linked_list_students.exe linked_list_st.o main.o 
main.o:main.c:(.bss+0x0): multiple definition of `gpFirstStudent'
linked_list_st.o:linked_list_st.c:(.bss+0x0): first defined here
collect2.exe: error: ld returned 1 exit status
20:50:51 **** Incremental Build of configuration Debug for project linked_list_students ****
Info: Internal Builder is used for build
gcc -o linked_list_students.exe linked_list_st.o main.o 
main.o:main.c:(.bss+0x0): multiple definition of `gpFirstStudent'
linked_list_st.o:linked_list_st.c:(.bss+0x0): first defined here
collect2.exe: error: ld returned 1 exit status
20:50:54 **** Incremental Build of configuration Debug for project linked_list_students ****
Info: Internal Builder is used for build
gcc -o linked_list_students.exe linked_list_st.o main.o 
main.o:main.c:(.bss+0x0): multiple definition of `gpFirstStudent'
linked_list_st.o:linked_list_st.c:(.bss+0x0): first defined here
collect2.exe: error: ld returned 1 exit status
20:50:56 **** Incremental Build of configuration Debug for project linked_list_students ****
Info: Internal Builder is used for build
gcc -o linked_list_students.exe linked_list_st.o main.o 
main.o:main.c:(.bss+0x0): multiple definition of `gpFirstStudent'
linked_list_st.o:linked_list_st.c:(.bss+0x0): first defined here
collect2.exe: error: ld returned 1 exit status
20:51:29 **** Incremental Build of configuration Debug for project linked_list_students ****
Info: Internal Builder is used for build
gcc -O0 -g3 -Wall -c -fmessage-length=0 -o linked_list_st.o "..\\linked_list_st.c" 
gcc -o linked_list_students.exe linked_list_st.o main.o 
main.o:main.c:(.bss+0x0): multiple definition of `gpFirstStudent'
linked_list_st.o:linked_list_st.c:(.bss+0x0): first defined here
collect2.exe: error: ld returned 1 exit status
21:18:39 **** Incremental Build of configuration Debug for project linked_list_students ****
Info: Internal Builder is used for build
gcc -O0 -g3 -Wall -c -fmessage-length=0 -o main.o "..\\main.c" 
..\main.c:18:6: warning: return type of 'main' is not 'int' [-Wmain]
 void main(){
      ^~~~
gcc -O0 -g3 -Wall -c -fmessage-length=0 -o linked_list_st.o "..\\linked_list_st.c" 
gcc -o linked_list_students.exe linked_list_st.o main.o 
Info: Nothing to build for linked_list_students
Info: Nothing to build for linked_list_students
Info: Nothing to build for linked_list_students
Info: Nothing to build for linked_list_students
Info: Nothing to build for linked_list_students
Info: Nothing to build for linked_list_students
21:21:33 **** Incremental Build of configuration Debug for project linked_list_students ****
Info: Internal Builder is used for build
gcc -O0 -g3 -Wall -c -fmessage-length=0 -o main.o "..\\main.c" 
..\main.c:18:6: warning: return type of 'main' is not 'int' [-Wmain]
 void main(){
      ^~~~
gcc -O0 -g3 -Wall -c -fmessage-length=0 -o linked_list_st.o "..\\linked_list_st.c" 
gcc -o linked_list_students.exe linked_list_st.o main.o 
c:/mingw/bin/../lib/gcc/mingw32/6.3.0/../../../../mingw32/bin/ld.exe: cannot open output file linked_list_students.exe: Permission denied
collect2.exe: error: ld returned 1 exit status
21:21:52 **** Incremental Build of configuration Debug for project linked_list_students ****
Info: Internal Builder is used for build
gcc -o linked_list_students.exe linked_list_st.o main.o 
c:/mingw/bin/../lib/gcc/mingw32/6.3.0/../../../../mingw32/bin/ld.exe: cannot open output file linked_list_students.exe: Permission denied
collect2.exe: error: ld returned 1 exit status
21:21:53 **** Incremental Build of configuration Debug for project linked_list_students ****
Info: Internal Builder is used for build
gcc -o linked_list_students.exe linked_list_st.o main.o 
c:/mingw/bin/../lib/gcc/mingw32/6.3.0/../../../../mingw32/bin/ld.exe: cannot open output file linked_list_students.exe: Permission denied
collect2.exe: error: ld returned 1 exit status
21:21:57 **** Incremental Build of configuration Debug for project linked_list_students ****
Info: Internal Builder is used for build
gcc -o linked_list_students.exe linked_list_st.o main.o 
c:/mingw/bin/../lib/gcc/mingw32/6.3.0/../../../../mingw32/bin/ld.exe: cannot open output file linked_list_students.exe: Permission denied
collect2.exe: error: ld returned 1 exit status
21:22:01 **** Incremental Build of configuration Debug for project linked_list_students ****
Info: Internal Builder is used for build
gcc -o linked_list_students.exe linked_list_st.o main.o 
c:/mingw/bin/../lib/gcc/mingw32/6.3.0/../../../../mingw32/bin/ld.exe: cannot open output file linked_list_students.exe: Permission denied
collect2.exe: error: ld returned 1 exit status
21:22:20 **** Incremental Build of configuration Debug for project linked_list_students ****
Info: Internal Builder is used for build
gcc -o linked_list_students.exe linked_list_st.o main.o 
main.o:main.c:(.bss+0x0): multiple definition of `gpFirstStudent'
linked_list_st.o:linked_list_st.c:(.bss+0x0): first defined here
collect2.exe: error: ld returned 1 exit status
21:23:50 **** Incremental Build of configuration Debug for project linked_list_students ****
Info: Internal Builder is used for build
gcc -O0 -g3 -Wall -c -fmessage-length=0 -o main.o "..\\main.c" 
..\main.c:18:6: warning: return type of 'main' is not 'int' [-Wmain]
 void main(){
      ^~~~
gcc -O0 -g3 -Wall -c -fmessage-length=0 -o linked_list_st.o "..\\linked_list_st.c" 
gcc -o linked_list_students.exe linked_list_st.o main.o 
Info: Nothing to build for linked_list_students
Info: Nothing to build for linked_list_students
21:25:39 **** Incremental Build of configuration Debug for project linked_list_students ****
Info: Internal Builder is used for build
gcc -O0 -g3 -Wall -c -fmessage-length=0 -o main.o "..\\main.c" 
..\main.c:18:6: warning: return type of 'main' is not 'int' [-Wmain]
 void main(){
      ^~~~
..\main.c:56:1: error: expected identifier or '(' before '}' token
 }
 ^
21:25:45 **** Incremental Build of configuration Debug for project linked_list_students ****
Info: Internal Builder is used for build
gcc -O0 -g3 -Wall -c -fmessage-length=0 -o main.o "..\\main.c" 
..\main.c:18:6: warning: return type of 'main' is not 'int' [-Wmain]
 void main(){
      ^~~~
..\main.c:56:1: error: expected identifier or '(' before '}' token
 }
 ^
21:26:50 **** Incremental Build of configuration Debug for project linked_list_students ****
Info: Internal Builder is used for build
gcc -O0 -g3 -Wall -c -fmessage-length=0 -o main.o "..\\main.c" 
..\main.c:18:6: warning: return type of 'main' is not 'int' [-Wmain]
 void main(){
      ^~~~
gcc -o linked_list_students.exe linked_list_st.o main.o 
c:/mingw/bin/../lib/gcc/mingw32/6.3.0/../../../../mingw32/bin/ld.exe: cannot open output file linked_list_students.exe: Permission denied
collect2.exe: error: ld returned 1 exit status
21:27:18 **** Incremental Build of configuration Debug for project linked_list_students ****
Info: Internal Builder is used for build
gcc -o linked_list_students.exe linked_list_st.o main.o 
Info: Nothing to build for linked_list_students
21:27:40 **** Incremental Build of configuration Debug for project linked_list_students ****
Info: Internal Builder is used for build
gcc -O0 -g3 -Wall -c -fmessage-length=0 -o main.o "..\\main.c" 
..\main.c:18:6: warning: return type of 'main' is not 'int' [-Wmain]
 void main(){
      ^~~~
gcc -o linked_list_students.exe linked_list_st.o main.o 
c:/mingw/bin/../lib/gcc/mingw32/6.3.0/../../../../mingw32/bin/ld.exe: cannot open output file linked_list_students.exe: Permission denied
collect2.exe: error: ld returned 1 exit status
21:27:45 **** Incremental Build of configuration Debug for project linked_list_students ****
Info: Internal Builder is used for build
gcc -o linked_list_students.exe linked_list_st.o main.o 
c:/mingw/bin/../lib/gcc/mingw32/6.3.0/../../../../mingw32/bin/ld.exe: cannot open output file linked_list_students.exe: Permission denied
collect2.exe: error: ld returned 1 exit status
21:27:59 **** Incremental Build of configuration Debug for project linked_list_students ****
Info: Internal Builder is used for build
gcc -o linked_list_students.exe linked_list_st.o main.o 
c:/mingw/bin/../lib/gcc/mingw32/6.3.0/../../../../mingw32/bin/ld.exe: cannot open output file linked_list_students.exe: Permission denied
collect2.exe: error: ld returned 1 exit status
21:28:25 **** Incremental Build of configuration Debug for project linked_list_students ****
Info: Internal Builder is used for build
gcc -o linked_list_students.exe linked_list_st.o main.o 
Info: Nothing to build for linked_list_students
Info: Nothing to build for linked_list_students
Info: Nothing to build for linked_list_students
Info: Nothing to build for linked_list_students
Info: Nothing to build for linked_list_students
Info: Nothing to build for linked_list_students
Info: Nothing to build for linked_list_students
Info: Nothing to build for linked_list_students
Info: Nothing to build for linked_list_students
Info: Nothing to build for linked_list_students
Info: Nothing to build for linked_list_students
Info: Nothing to build for linked_list_students
Info: Nothing to build for linked_list_students
Info: Nothing to build for linked_list_students
Info: Nothing to build for linked_list_students
Info: Nothing to build for linked_list_students
Info: Nothing to build for linked_list_students
21:30:19 **** Incremental Build of configuration Debug for project linked_list_students ****
Info: Internal Builder is used for build
gcc -O0 -g3 -Wall -c -fmessage-length=0 -o main.o "..\\main.c" 
..\main.c:18:6: warning: return type of 'main' is not 'int' [-Wmain]
 void main(){
      ^~~~
gcc -o linked_list_students.exe linked_list_st.o main.o 
c:/mingw/bin/../lib/gcc/mingw32/6.3.0/../../../../mingw32/bin/ld.exe: cannot open output file linked_list_students.exe: Permission denied
collect2.exe: error: ld returned 1 exit status
21:31:23 **** Incremental Build of configuration Debug for project linked_list_students ****
Info: Internal Builder is used for build
gcc -o linked_list_students.exe linked_list_st.o main.o 
20:53:27 **** Incremental Build of configuration Debug for project linked_list_students ****
Info: Internal Builder is used for build
gcc -O0 -g3 -Wall -c -fmessage-length=0 -o main.o "..\\main.c" 
..\main.c:18:6: warning: return type of 'main' is not 'int' [-Wmain]
 void main(){
      ^~~~
..\main.c: In function 'main':
..\main.c:50:3: error: duplicate case value
   case 4 :
   ^~~~
..\main.c:47:3: error: previously used here
   case 4 :
   ^~~~
20:53:35 **** Incremental Build of configuration Debug for project linked_list_students ****
Info: Internal Builder is used for build
gcc -O0 -g3 -Wall -c -fmessage-length=0 -o linked_list_st.o "..\\linked_list_st.c" 
..\linked_list_st.c: In function 'Find_student_index':
..\linked_list_st.c:171:16: warning: statement with no effect [-Wunused-value]
    Student_temp->PNextStudent;
    ~~~~~~~~~~~~^~~~~~~~~~~~~~
gcc -O0 -g3 -Wall -c -fmessage-length=0 -o main.o "..\\main.c" 
..\main.c:18:6: warning: return type of 'main' is not 'int' [-Wmain]
 void main(){
      ^~~~
..\main.c: In function 'main':
..\main.c:50:3: error: duplicate case value
   case 4 :
   ^~~~
..\main.c:47:3: error: previously used here
   case 4 :
   ^~~~
20:53:48 **** Incremental Build of configuration Debug for project linked_list_students ****
Info: Internal Builder is used for build
gcc -O0 -g3 -Wall -c -fmessage-length=0 -o main.o "..\\main.c" 
..\main.c:18:6: warning: return type of 'main' is not 'int' [-Wmain]
 void main(){
      ^~~~
gcc -o linked_list_students.exe linked_list_st.o main.o 
21:10:54 **** Incremental Build of configuration Debug for project linked_list_students ****
Info: Internal Builder is used for build
gcc -O0 -g3 -Wall -c -fmessage-length=0 -o linked_list_st.o "..\\linked_list_st.c" 
..\linked_list_st.c: In function 'Find_student_index':
..\linked_list_st.c:175:17: warning: statement with no effect [-Wunused-value]
    pStudent_temp->PNextStudent;
    ~~~~~~~~~~~~~^~~~~~~~~~~~~~
gcc -o linked_list_students.exe linked_list_st.o main.o 
21:15:01 **** Incremental Build of configuration Debug for project linked_list_students ****
Info: Internal Builder is used for build
gcc -O0 -g3 -Wall -c -fmessage-length=0 -o linked_list_st.o "..\\linked_list_st.c" 
gcc -o linked_list_students.exe linked_list_st.o main.o 
21:55:19 **** Incremental Build of configuration Debug for project linked_list_students ****
Info: Internal Builder is used for build
gcc -O0 -g3 -Wall -c -fmessage-length=0 -o linked_list_st.o "..\\linked_list_st.c" 
..\linked_list_st.c: In function 'linked_length_recursive':
..\linked_list_st.c:199:10: warning: implicit declaration of function 'count_items_rec' [-Wimplicit-function-declaration]
  count = count_items_rec(gpFirstStudent,count);
          ^~~~~~~~~~~~~~~
..\linked_list_st.c: In function 'count_items_rec':
..\linked_list_st.c:218:1: warning: control reaches end of non-void function [-Wreturn-type]
 }
 ^
gcc -O0 -g3 -Wall -c -fmessage-length=0 -o main.o "..\\main.c" 
..\main.c:18:6: warning: return type of 'main' is not 'int' [-Wmain]
 void main(){
      ^~~~
gcc -o linked_list_students.exe linked_list_st.o main.o 
21:56:26 **** Incremental Build of configuration Debug for project linked_list_students ****
Info: Internal Builder is used for build
gcc -O0 -g3 -Wall -c -fmessage-length=0 -o linked_list_st.o "..\\linked_list_st.c" 
..\linked_list_st.c: In function 'count_items_rec':
..\linked_list_st.c:204:1: warning: control reaches end of non-void function [-Wreturn-type]
 }
 ^
gcc -o linked_list_students.exe linked_list_st.o main.o 
22:19:17 **** Incremental Build of configuration Debug for project linked_list_students ****
Info: Internal Builder is used for build
gcc -O0 -g3 -Wall -c -fmessage-length=0 -o linked_list_st.o "..\\linked_list_st.c" 
gcc -o linked_list_students.exe linked_list_st.o main.o 
Info: Nothing to build for linked_list_students
Info: Nothing to build for linked_list_students
22:22:52 **** Incremental Build of configuration Debug for project linked_list_students ****
Info: Internal Builder is used for build
gcc -O0 -g3 -Wall -c -fmessage-length=0 -o linked_list_st.o "..\\linked_list_st.c" 
gcc -o linked_list_students.exe linked_list_st.o main.o 
Info: Nothing to build for linked_list_students
22:27:53 **** Incremental Build of configuration Debug for project linked_list_students ****
Info: Internal Builder is used for build
gcc -O0 -g3 -Wall -c -fmessage-length=0 -o linked_list_st.o "..\\linked_list_st.c" 
gcc -o linked_list_students.exe linked_list_st.o main.o 
22:13:32 **** Incremental Build of configuration Debug for project linked_list_students ****
Info: Internal Builder is used for build
gcc -O0 -g3 -Wall -c -fmessage-length=0 -o linked_list_st.o "..\\linked_list_st.c" 
gcc -O0 -g3 -Wall -c -fmessage-length=0 -o main.o "..\\main.c" 
..\main.c:18:6: warning: return type of 'main' is not 'int' [-Wmain]
 void main(){
      ^~~~
gcc -o linked_list_students.exe linked_list_st.o main.o 
22:32:02 **** Incremental Build of configuration Debug for project linked_list_students ****
Info: Internal Builder is used for build
gcc -O0 -g3 -Wall -c -fmessage-length=0 -o linked_list_st.o "..\\linked_list_st.c" 
gcc -o linked_list_students.exe linked_list_st.o main.o 
18:02:12 **** Incremental Build of configuration Debug for project linked_list_students ****
Info: Internal Builder is used for build
gcc -O0 -g3 -Wall -c -fmessage-length=0 -o linked_list_st.o "..\\linked_list_st.c" 
gcc -o linked_list_students.exe linked_list_st.o main.o 
18:12:12 **** Incremental Build of configuration Debug for project linked_list_students ****
Info: Internal Builder is used for build
gcc -O0 -g3 -Wall -c -fmessage-length=0 -o linked_list_st.o "..\\linked_list_st.c" 
gcc -o linked_list_students.exe linked_list_st.o main.o 
Info: Nothing to build for linked_list_students
22:21:32 **** Incremental Build of configuration Debug for project linked_list_students ****
Info: Internal Builder is used for build
gcc -O0 -g3 -Wall -c -fmessage-length=0 -o main.o "..\\main.c" 
..\main.c:18:6: warning: return type of 'main' is not 'int' [-Wmain]
 void main(){
      ^~~~
gcc -O0 -g3 -Wall -c -fmessage-length=0 -o linked_list_st.o "..\\linked_list_st.c" 
gcc -o linked_list_students.exe linked_list_st.o main.o 
22:26:44 **** Incremental Build of configuration Debug for project linked_list_students ****
Info: Internal Builder is used for build
gcc -O0 -g3 -Wall -c -fmessage-length=0 -o linked_list_st.o "..\\linked_list_st.c" 
gcc -o linked_list_students.exe linked_list_st.o main.o 
22:58:11 **** Incremental Build of configuration Debug for project linked_list_students ****
Info: Internal Builder is used for build
gcc -O0 -g3 -Wall -c -fmessage-length=0 -o linked_list_st.o "..\\linked_list_st.c" 
gcc -O0 -g3 -Wall -c -fmessage-length=0 -o main.o "..\\main.c" 
..\main.c:18:6: warning: return type of 'main' is not 'int' [-Wmain]
 void main(){
      ^~~~
gcc -o linked_list_students.exe linked_list_st.o main.o 
23:02:10 **** Incremental Build of configuration Debug for project linked_list_students ****
Info: Internal Builder is used for build
gcc -O0 -g3 -Wall -c -fmessage-length=0 -o linked_list_st.o "..\\linked_list_st.c" 
gcc -o linked_list_students.exe linked_list_st.o main.o 
23:08:51 **** Incremental Build of configuration Debug for project linked_list_students ****
Info: Internal Builder is used for build
gcc -O0 -g3 -Wall -c -fmessage-length=0 -o linked_list_st.o "..\\linked_list_st.c" 
gcc -o linked_list_students.exe linked_list_st.o main.o 
c:/mingw/bin/../lib/gcc/mingw32/6.3.0/../../../../mingw32/bin/ld.exe: cannot open output file linked_list_students.exe: Permission denied
collect2.exe: error: ld returned 1 exit status
23:08:56 **** Incremental Build of configuration Debug for project linked_list_students ****
Info: Internal Builder is used for build
gcc -o linked_list_students.exe linked_list_st.o main.o 
23:19:33 **** Incremental Build of configuration Debug for project linked_list_students ****
Info: Internal Builder is used for build
gcc -O0 -g3 -Wall -c -fmessage-length=0 -o linked_list_st.o "..\\linked_list_st.c" 
gcc -o linked_list_students.exe linked_list_st.o main.o 
23:22:01 **** Incremental Build of configuration Debug for project linked_list_students ****
Info: Internal Builder is used for build
gcc -O0 -g3 -Wall -c -fmessage-length=0 -o linked_list_st.o "..\\linked_list_st.c" 
gcc -o linked_list_students.exe linked_list_st.o main.o 
23:24:30 **** Incremental Build of configuration Debug for project linked_list_students ****
Info: Internal Builder is used for build
gcc -O0 -g3 -Wall -c -fmessage-length=0 -o linked_list_st.o "..\\linked_list_st.c" 
gcc -o linked_list_students.exe linked_list_st.o main.o 
17:54:02 **** Incremental Build of configuration Debug for project linked_list_students ****
Info: Internal Builder is used for build
gcc -O0 -g3 -Wall -c -fmessage-length=0 -o linked_list_st.o "..\\linked_list_st.c" 
gcc -o linked_list_students.exe linked_list_st.o main.o 
18:01:57 **** Incremental Build of configuration Debug for project linked_list_students ****
Info: Internal Builder is used for build
gcc -O0 -g3 -Wall -c -fmessage-length=0 -o linked_list_st.o "..\\linked_list_st.c" 
gcc -o linked_list_students.exe linked_list_st.o main.o 
